
Clover установщик r5120 (33816ae90) (installer library v1.1.6), 2020-07-26 03:15:21
macOS Версия 10.15.6 (Выпуск 19G73)
SELF = /Applications/Clover.app/Contents/MacOS/CloverDaemonNew
Backup made at:
/Users/egorakovenko/Desktop/CloverBackUp/SanDisk SD8SN8U-256G-1006 Media/r5114_2020-07-26_03-15-10/EFI.
Target volume: /Volumes/EFI
BSD Name:      disk0s1
Filesystem:    FAT32
Is internal:   true
Is writable:   true
Installation type: UEFI

/dev/disk0 (internal, physical):
   #:                       TYPE NAME                    SIZE       IDENTIFIER
   0:      GUID_partition_scheme                        *256.1 GB   disk0
   1:                        EFI EFI                     209.7 MB   disk0s1
   2:                 Apple_APFS Container disk1         255.9 GB   disk0s2

/dev/disk1 (synthesized):
   #:                       TYPE NAME                    SIZE       IDENTIFIER
   0:      APFS Container Scheme -                      +255.9 GB   disk1
                                 Physical Store disk0s2
   1:                APFS Volume Macintosh HD — данные   175.0 GB   disk1s1
   2:                APFS Volume Preboot                 83.8 MB    disk1s2
   3:                APFS Volume Recovery                528.8 MB   disk1s3
   4:                APFS Volume VM                      1.1 GB     disk1s4
   5:                APFS Volume Macintosh HD            11.3 GB    disk1s5

/dev/disk2 (disk image):
   #:                       TYPE NAME                    SIZE       IDENTIFIER
   0:     Apple_partition_scheme                        +134.3 MB   disk2
   1:        Apple_partition_map                         30.7 KB    disk2s1
   2:                  Apple_HFS macOS Developer Beta... 134.3 MB   disk2s2




Installing/Updating Clover:
+ ../BOOT/BOOTX64.efi
+ ../CLOVER/CLOVERX64.efi

Installing/Updating drivers:
- ../UEFI/AptioMemoryFix.efi
- ../UEFI/AppleUiSupport.efi
+ ../UEFI/AudioDxe.efi
+ ../UEFI/DataHubDxe.efi
+ ../UEFI/FSInject.efi
+ ../UEFI/SMCHelper.efi
+ ../UEFI/ApfsDriverLoader.efi
+ ../UEFI/VBoxHfs.efi
+ ../UEFI/AppleImageCodec.efi
+ ../UEFI/AppleKeyAggregator.efi
+ ../UEFI/AppleKeyFeeder.efi
+ ../UEFI/AppleUITheme.efi
+ ../UEFI/FirmwareVolume.efi
+ ../UEFI/HashServiceFix.efi
+ ../UEFI/OcQuirks.efi
+ ../UEFI/OpenRuntime.efi
+ ../BIOS/AudioDxe.efi
+ ../BIOS/FSInject.efi
+ ../BIOS/SMCHelper.efi
+ ../BIOS/XhciDxe.efi
+ ../BIOS/ApfsDriverLoader.efi

Installing/Updating tools:
+ ../tools/Shell64.efi
+ ../tools/bdmesg.efi
+ ../tools/Shell64U.efi
+ ../tools/Shell32.efi

Installing/Updating docs:
+ ../doc/UEFI boot with Clover.rtf
+ ../doc/boot1f32-install.sh
+ ../doc/HowToInstallOSX.txt
+ ../doc/HowToFixDsdt.txt
+ ../doc/bcfg.txt